# JRE version: Java(TM) SE Runtime Environment (8.0_221-b11) (build 1.8.0_221-b11)
# Java VM: Java HotSpot(TM) 64-Bit Server VM (25.221-b11 mixed mode windows-amd64 compressed oops)
Heap:
 PSYoungGen      total 13824K, used 13301K [0x00000000d5f00000, 0x00000000d7e00000, 0x0000000100000000)
  eden space 11264K, 100% used [0x00000000d5f00000,0x00000000d6a00000,0x00000000d6a00000)
  from space 2560K, 79% used [0x00000000d6a00000,0x00000000d6bfd600,0x00000000d6c80000)
  to   space 4608K, 0% used [0x00000000d7980000,0x00000000d7980000,0x00000000d7e00000)
 ParOldGen       total 6656K, used 6289K [0x0000000081c00000, 0x0000000082280000, 0x00000000d5f00000)
  object space 6656K, 94% used [0x0000000081c00000,0x0000000082224750,0x0000000082280000)
 Metaspace       used 7751K, capacity 8564K, committed 8704K, reserved 1056768K
  class space    used 904K, capacity 944K, committed 1024K, reserved 1048576K
GC Heap History (10 events):
Event: 0.431 GC heap before
{Heap before GC invocations=4 (full 0):
 PSYoungGen      total 3584K, used 3567K [0x00000000d5f00000, 0x00000000d6600000, 0x0000000100000000)
  eden space 3072K, 100% used [0x00000000d5f00000,0x00000000d6200000,0x00000000d6200000)
  from space 512K, 96% used [0x00000000d6200000,0x00000000d627bc20,0x00000000d6280000)
  to   space 512K, 0% used [0x00000000d6580000,0x00000000d6580000,0x00000000d6600000)
 ParOldGen       total 5632K, used 624K [0x0000000081c00000, 0x0000000082180000, 0x00000000d5f00000)
  object space 5632K, 11% used [0x0000000081c00000,0x0000000081c9c040,0x0000000082180000)
 Metaspace       used 6067K, capacity 7276K, committed 7552K, reserved 1056768K
  class space    used 760K, capacity 808K, committed 896K, reserved 1048576K
Event: 0.432 GC heap after
Heap after GC invocations=4 (full 0):
 PSYoungGen      total 6656K, used 512K [0x00000000d5f00000, 0x00000000d6600000, 0x0000000100000000)
  eden space 6144K, 0% used [0x00000000d5f00000,0x00000000d5f00000,0x00000000d6500000)
  from space 512K, 100% used [0x00000000d6580000,0x00000000d6600000,0x00000000d6600000)
  to   space 512K, 0% used [0x00000000d6500000,0x00000000d6500000,0x00000000d6580000)
 ParOldGen       total 5632K, used 901K [0x0000000081c00000, 0x0000000082180000, 0x00000000d5f00000)
  object space 5632K, 16% used [0x0000000081c00000,0x0000000081ce1600,0x0000000082180000)
 Metaspace       used 6067K, capacity 7276K, committed 7552K, reserved 1056768K
  class space    used 760K, capacity 808K, committed 896K, reserved 1048576K
}
Event: 0.567 GC heap before
{Heap before GC invocations=5 (full 0):
 PSYoungGen      total 6656K, used 6656K [0x00000000d5f00000, 0x00000000d6600000, 0x0000000100000000)
  eden space 6144K, 100% used [0x00000000d5f00000,0x00000000d6500000,0x00000000d6500000)
  from space 512K, 100% used [0x00000000d6580000,0x00000000d6600000,0x00000000d6600000)
  to   space 512K, 0% used [0x00000000d6500000,0x00000000d6500000,0x00000000d6580000)
 ParOldGen       total 5632K, used 901K [0x0000000081c00000, 0x0000000082180000, 0x00000000d5f00000)
  object space 5632K, 16% used [0x0000000081c00000,0x0000000081ce1600,0x0000000082180000)
 Metaspace       used 7220K, capacity 8148K, committed 8448K, reserved 1056768K
  class space    used 879K, capacity 912K, committed 1024K, reserved 1048576K
Event: 0.569 GC heap after
Heap after GC invocations=5 (full 0):
 PSYoungGen      total 6656K, used 512K [0x00000000d5f00000, 0x00000000d6e00000, 0x0000000100000000)
  eden space 6144K, 0% used [0x00000000d5f00000,0x00000000d5f00000,0x00000000d6500000)
  from space 512K, 100% used [0x00000000d6500000,0x00000000d6580000,0x00000000d6580000)
  to   space 1536K, 0% used [0x00000000d6c80000,0x00000000d6c80000,0x00000000d6e00000)
 ParOldGen       total 5632K, used 1654K [0x0000000081c00000, 0x0000000082180000, 0x00000000d5f00000)
  object space 5632K, 29% used [0x0000000081c00000,0x0000000081d9db78,0x0000000082180000)
 Metaspace       used 7220K, capacity 8148K, committed 8448K, reserved 1056768K
  class space    used 879K, capacity 912K, committed 1024K, reserved 1048576K
}
Event: 0.726 GC heap before
{Heap before GC invocations=6 (full 0):
 PSYoungGen      total 6656K, used 6656K [0x00000000d5f00000, 0x00000000d6e00000, 0x0000000100000000)
  eden space 6144K, 100% used [0x00000000d5f00000,0x00000000d6500000,0x00000000d6500000)
  from space 512K, 100% used [0x00000000d6500000,0x00000000d6580000,0x00000000d6580000)
  to   space 1536K, 0% used [0x00000000d6c80000,0x00000000d6c80000,0x00000000d6e00000)
 ParOldGen       total 5632K, used 1654K [0x0000000081c00000, 0x0000000082180000, 0x00000000d5f00000)
  object space 5632K, 29% used [0x0000000081c00000,0x0000000081d9db78,0x0000000082180000)
 Metaspace       used 7380K, capacity 8276K, committed 8448K, reserved 1056768K
  class space    used 882K, capacity 912K, committed 1024K, reserved 1048576K
Event: 0.731 GC heap after
Heap after GC invocations=6 (full 0):
 PSYoungGen      total 12800K, used 1520K [0x00000000d5f00000, 0x00000000d7000000, 0x0000000100000000)
  eden space 11264K, 0% used [0x00000000d5f00000,0x00000000d5f00000,0x00000000d6a00000)
  from space 1536K, 98% used [0x00000000d6c80000,0x00000000d6dfc258,0x00000000d6e00000)
  to   space 2560K, 0% used [0x00000000d6a00000,0x00000000d6a00000,0x00000000d6c80000)
 ParOldGen       total 5632K, used 2438K [0x0000000081c00000, 0x0000000082180000, 0x00000000d5f00000)
  object space 5632K, 43% used [0x0000000081c00000,0x0000000081e61b78,0x0000000082180000)
 Metaspace       used 7380K, capacity 8276K, committed 8448K, reserved 1056768K
  class space    used 882K, capacity 912K, committed 1024K, reserved 1048576K
}
Event: 0.959 GC heap before
{Heap before GC invocations=7 (full 0):
 PSYoungGen      total 12800K, used 12784K [0x00000000d5f00000, 0x00000000d7000000, 0x0000000100000000)
  eden space 11264K, 100% used [0x00000000d5f00000,0x00000000d6a00000,0x00000000d6a00000)
  from space 1536K, 98% used [0x00000000d6c80000,0x00000000d6dfc258,0x00000000d6e00000)
  to   space 2560K, 0% used [0x00000000d6a00000,0x00000000d6a00000,0x00000000d6c80000)
 ParOldGen       total 5632K, used 2438K [0x0000000081c00000, 0x0000000082180000, 0x00000000d5f00000)
  object space 5632K, 43% used [0x0000000081c00000,0x0000000081e61b78,0x0000000082180000)
 Metaspace       used 7544K, capacity 8372K, committed 8704K, reserved 1056768K
  class space    used 891K, capacity 944K, committed 1024K, reserved 1048576K
Event: 1.003 GC heap after
Heap after GC invocations=7 (full 0):
 PSYoungGen      total 13824K, used 2551K [0x00000000d5f00000, 0x00000000d7e00000, 0x0000000100000000)
  eden space 11264K, 0% used [0x00000000d5f00000,0x00000000d5f00000,0x00000000d6a00000)
  from space 2560K, 99% used [0x00000000d6a00000,0x00000000d6c7de90,0x00000000d6c80000)
  to   space 4608K, 0% used [0x00000000d7980000,0x00000000d7980000,0x00000000d7e00000)
 ParOldGen       total 6656K, used 6210K [0x0000000081c00000, 0x0000000082280000, 0x00000000d5f00000)
  object space 6656K, 93% used [0x0000000081c00000,0x0000000082210bc0,0x0000000082280000)
 Metaspace       used 7544K, capacity 8372K, committed 8704K, reserved 1056768K
  class space    used 891K, capacity 944K, committed 1024K, reserved 1048576K
}
Event: 1.003 GC heap before
{Heap before GC invocations=8 (full 1):
 PSYoungGen      total 13824K, used 2551K [0x00000000d5f00000, 0x00000000d7e00000, 0x0000000100000000)
  eden space 11264K, 0% used [0x00000000d5f00000,0x00000000d5f00000,0x00000000d6a00000)
  from space 2560K, 99% used [0x00000000d6a00000,0x00000000d6c7de90,0x00000000d6c80000)
  to   space 4608K, 0% used [0x00000000d7980000,0x00000000d7980000,0x00000000d7e00000)
 ParOldGen       total 6656K, used 6210K [0x0000000081c00000, 0x0000000082280000, 0x00000000d5f00000)
  object space 6656K, 93% used [0x0000000081c00000,0x0000000082210bc0,0x0000000082280000)
 Metaspace       used 7544K, capacity 8372K, committed 8704K, reserved 1056768K
  class space    used 891K, capacity 944K, committed 1024K, reserved 1048576K
Event: 1.123 GC heap after
Heap after GC invocations=8 (full 1):
 PSYoungGen      total 13824K, used 2037K [0x00000000d5f00000, 0x00000000d7e00000, 0x0000000100000000)
  eden space 11264K, 0% used [0x00000000d5f00000,0x00000000d5f00000,0x00000000d6a00000)
  from space 2560K, 79% used [0x00000000d6a00000,0x00000000d6bfd600,0x00000000d6c80000)
  to   space 4608K, 0% used [0x00000000d7980000,0x00000000d7980000,0x00000000d7e00000)
 ParOldGen       total 6656K, used 6289K [0x0000000081c00000, 0x0000000082280000, 0x00000000d5f00000)
  object space 6656K, 94% used [0x0000000081c00000,0x0000000082224750,0x0000000082280000)
 Metaspace       used 7544K, capacity 8372K, committed 8704K, reserved 1056768K
  class space    used 891K, capacity 944K, committed 1024K, reserved 1048576K
}

