# JRE version: Java(TM) SE Runtime Environment (8.0_221-b11) (build 1.8.0_221-b11)
# Java VM: Java HotSpot(TM) 64-Bit Server VM (25.221-b11 mixed mode windows-amd64 compressed oops)
Heap:
 PSYoungGen      total 7168K, used 3914K [0x00000000d5f00000, 0x00000000d6700000, 0x0000000100000000)
  eden space 6144K, 50% used [0x00000000d5f00000,0x00000000d620dab0,0x00000000d6500000)
  from space 1024K, 76% used [0x00000000d6600000,0x00000000d66c4e28,0x00000000d6700000)
  to   space 1024K, 0% used [0x00000000d6500000,0x00000000d6500000,0x00000000d6600000)
 ParOldGen       total 5632K, used 1024K [0x0000000081c00000, 0x0000000082180000, 0x00000000d5f00000)
  object space 5632K, 18% used [0x0000000081c00000,0x0000000081d00258,0x0000000082180000)
 Metaspace       used 7262K, capacity 8212K, committed 8448K, reserved 1056768K
  class space    used 878K, capacity 912K, committed 1024K, reserved 1048576K
GC Heap History (10 events):
Event: 0.639 GC heap before
{Heap before GC invocations=2 (full 0):
 PSYoungGen      total 2048K, used 2009K [0x00000000d5f00000, 0x00000000d6180000, 0x0000000100000000)
  eden space 1536K, 99% used [0x00000000d5f00000,0x00000000d607e7d0,0x00000000d6080000)
  from space 512K, 93% used [0x00000000d6080000,0x00000000d60f8020,0x00000000d6100000)
  to   space 512K, 0% used [0x00000000d6100000,0x00000000d6100000,0x00000000d6180000)
 ParOldGen       total 5632K, used 24K [0x0000000081c00000, 0x0000000082180000, 0x00000000d5f00000)
  object space 5632K, 0% used [0x0000000081c00000,0x0000000081c06000,0x0000000082180000)
 Metaspace       used 3988K, capacity 5324K, committed 5504K, reserved 1056768K
  class space    used 471K, capacity 520K, committed 640K, reserved 1048576K
Event: 0.641 GC heap after
Heap after GC invocations=2 (full 0):
 PSYoungGen      total 2048K, used 512K [0x00000000d5f00000, 0x00000000d6180000, 0x0000000100000000)
  eden space 1536K, 0% used [0x00000000d5f00000,0x00000000d5f00000,0x00000000d6080000)
  from space 512K, 100% used [0x00000000d6100000,0x00000000d6180000,0x00000000d6180000)
  to   space 512K, 0% used [0x00000000d6080000,0x00000000d6080000,0x00000000d6100000)
 ParOldGen       total 5632K, used 72K [0x0000000081c00000, 0x0000000082180000, 0x00000000d5f00000)
  object space 5632K, 1% used [0x0000000081c00000,0x0000000081c12000,0x0000000082180000)
 Metaspace       used 3988K, capacity 5324K, committed 5504K, reserved 1056768K
  class space    used 471K, capacity 520K, committed 640K, reserved 1048576K
}
Event: 0.716 GC heap before
{Heap before GC invocations=3 (full 0):
 PSYoungGen      total 2048K, used 2048K [0x00000000d5f00000, 0x00000000d6180000, 0x0000000100000000)
  eden space 1536K, 100% used [0x00000000d5f00000,0x00000000d6080000,0x00000000d6080000)
  from space 512K, 100% used [0x00000000d6100000,0x00000000d6180000,0x00000000d6180000)
  to   space 512K, 0% used [0x00000000d6080000,0x00000000d6080000,0x00000000d6100000)
 ParOldGen       total 5632K, used 72K [0x0000000081c00000, 0x0000000082180000, 0x00000000d5f00000)
  object space 5632K, 1% used [0x0000000081c00000,0x0000000081c12000,0x0000000082180000)
 Metaspace       used 4481K, capacity 5772K, committed 6016K, reserved 1056768K
  class space    used 547K, capacity 584K, committed 640K, reserved 1048576K
Event: 0.718 GC heap after
Heap after GC invocations=3 (full 0):
 PSYoungGen      total 2048K, used 480K [0x00000000d5f00000, 0x00000000d6300000, 0x0000000100000000)
  eden space 1536K, 0% used [0x00000000d5f00000,0x00000000d5f00000,0x00000000d6080000)
  from space 512K, 93% used [0x00000000d6080000,0x00000000d60f8040,0x00000000d6100000)
  to   space 512K, 0% used [0x00000000d6280000,0x00000000d6280000,0x00000000d6300000)
 ParOldGen       total 5632K, used 517K [0x0000000081c00000, 0x0000000082180000, 0x00000000d5f00000)
  object space 5632K, 9% used [0x0000000081c00000,0x0000000081c815f8,0x0000000082180000)
 Metaspace       used 4481K, capacity 5772K, committed 6016K, reserved 1056768K
  class space    used 547K, capacity 584K, committed 640K, reserved 1048576K
}
Event: 0.777 GC heap before
{Heap before GC invocations=4 (full 0):
 PSYoungGen      total 2048K, used 2007K [0x00000000d5f00000, 0x00000000d6300000, 0x0000000100000000)
  eden space 1536K, 99% used [0x00000000d5f00000,0x00000000d607de30,0x00000000d6080000)
  from space 512K, 93% used [0x00000000d6080000,0x00000000d60f8040,0x00000000d6100000)
  to   space 512K, 0% used [0x00000000d6280000,0x00000000d6280000,0x00000000d6300000)
 ParOldGen       total 5632K, used 517K [0x0000000081c00000, 0x0000000082180000, 0x00000000d5f00000)
  object space 5632K, 9% used [0x0000000081c00000,0x0000000081c815f8,0x0000000082180000)
 Metaspace       used 4969K, capacity 6284K, committed 6656K, reserved 1056768K
  class space    used 608K, capacity 648K, committed 768K, reserved 1048576K
Event: 0.780 GC heap after
Heap after GC invocations=4 (full 0):
 PSYoungGen      total 3584K, used 480K [0x00000000d5f00000, 0x00000000d6300000, 0x0000000100000000)
  eden space 3072K, 0% used [0x00000000d5f00000,0x00000000d5f00000,0x00000000d6200000)
  from space 512K, 93% used [0x00000000d6280000,0x00000000d62f8040,0x00000000d6300000)
  to   space 512K, 0% used [0x00000000d6200000,0x00000000d6200000,0x00000000d6280000)
 ParOldGen       total 5632K, used 636K [0x0000000081c00000, 0x0000000082180000, 0x00000000d5f00000)
  object space 5632K, 11% used [0x0000000081c00000,0x0000000081c9f208,0x0000000082180000)
 Metaspace       used 4969K, capacity 6284K, committed 6656K, reserved 1056768K
  class space    used 608K, capacity 648K, committed 768K, reserved 1048576K
}
Event: 0.958 GC heap before
{Heap before GC invocations=5 (full 0):
 PSYoungGen      total 3584K, used 3552K [0x00000000d5f00000, 0x00000000d6300000, 0x0000000100000000)
  eden space 3072K, 100% used [0x00000000d5f00000,0x00000000d6200000,0x00000000d6200000)
  from space 512K, 93% used [0x00000000d6280000,0x00000000d62f8040,0x00000000d6300000)
  to   space 512K, 0% used [0x00000000d6200000,0x00000000d6200000,0x00000000d6280000)
 ParOldGen       total 5632K, used 636K [0x0000000081c00000, 0x0000000082180000, 0x00000000d5f00000)
  object space 5632K, 11% used [0x0000000081c00000,0x0000000081c9f208,0x0000000082180000)
 Metaspace       used 6061K, capacity 7244K, committed 7552K, reserved 1056768K
  class space    used 758K, capacity 776K, committed 896K, reserved 1048576K
Event: 0.961 GC heap after
Heap after GC invocations=5 (full 0):
 PSYoungGen      total 3584K, used 480K [0x00000000d5f00000, 0x00000000d6700000, 0x0000000100000000)
  eden space 3072K, 0% used [0x00000000d5f00000,0x00000000d5f00000,0x00000000d6200000)
  from space 512K, 93% used [0x00000000d6200000,0x00000000d6278020,0x00000000d6280000)
  to   space 1024K, 0% used [0x00000000d6600000,0x00000000d6600000,0x00000000d6700000)
 ParOldGen       total 5632K, used 1016K [0x0000000081c00000, 0x0000000082180000, 0x00000000d5f00000)
  object space 5632K, 18% used [0x0000000081c00000,0x0000000081cfe258,0x0000000082180000)
 Metaspace       used 6061K, capacity 7244K, committed 7552K, reserved 1056768K
  class space    used 758K, capacity 776K, committed 896K, reserved 1048576K
}
Event: 1.056 GC heap before
{Heap before GC invocations=6 (full 0):
 PSYoungGen      total 3584K, used 3550K [0x00000000d5f00000, 0x00000000d6700000, 0x0000000100000000)
  eden space 3072K, 99% used [0x00000000d5f00000,0x00000000d61ff890,0x00000000d6200000)
  from space 512K, 93% used [0x00000000d6200000,0x00000000d6278020,0x00000000d6280000)
  to   space 1024K, 0% used [0x00000000d6600000,0x00000000d6600000,0x00000000d6700000)
 ParOldGen       total 5632K, used 1016K [0x0000000081c00000, 0x0000000082180000, 0x00000000d5f00000)
  object space 5632K, 18% used [0x0000000081c00000,0x0000000081cfe258,0x0000000082180000)
 Metaspace       used 6730K, capacity 7796K, committed 8064K, reserved 1056768K
  class space    used 839K, capacity 880K, committed 896K, reserved 1048576K
Event: 1.059 GC heap after
Heap after GC invocations=6 (full 0):
 PSYoungGen      total 7168K, used 787K [0x00000000d5f00000, 0x00000000d6700000, 0x0000000100000000)
  eden space 6144K, 0% used [0x00000000d5f00000,0x00000000d5f00000,0x00000000d6500000)
  from space 1024K, 76% used [0x00000000d6600000,0x00000000d66c4e28,0x00000000d6700000)
  to   space 1024K, 0% used [0x00000000d6500000,0x00000000d6500000,0x00000000d6600000)
 ParOldGen       total 5632K, used 1024K [0x0000000081c00000, 0x0000000082180000, 0x00000000d5f00000)
  object space 5632K, 18% used [0x0000000081c00000,0x0000000081d00258,0x0000000082180000)
 Metaspace       used 6730K, capacity 7796K, committed 8064K, reserved 1056768K
  class space    used 839K, capacity 880K, committed 896K, reserved 1048576K
}

